# JRE version: OpenJDK Runtime Environment (8.0_212-b04) (build 1.8.0_212-release-1586-b04)
# Java VM: OpenJDK 64-Bit Server VM (25.212-b04 mixed mode windows-amd64 compressed oops)
Heap:
 PSYoungGen      total 453632K, used 145951K [0x00000000e0000000, 0x0000000100000000, 0x0000000100000000)
  eden space 410624K, 25% used [0x00000000e0000000,0x00000000e64d3f78,0x00000000f9100000)
  from space 43008K, 99% used [0x00000000f9100000,0x00000000fbab3e48,0x00000000fbb00000)
  to   space 60416K, 0% used [0x00000000fc500000,0x00000000fc500000,0x0000000100000000)
 ParOldGen       total 275456K, used 82276K [0x00000000a0000000, 0x00000000b0d00000, 0x00000000e0000000)
  object space 275456K, 29% used [0x00000000a0000000,0x00000000a5059338,0x00000000b0d00000)
 Metaspace       used 140843K, capacity 147384K, committed 147736K, reserved 1177600K
  class space    used 17860K, capacity 19124K, committed 19248K, reserved 1048576K
GC Heap History (10 events):
Event: 706.011 GC heap before
{Heap before GC invocations=15 (full 3):
 PSYoungGen      total 464384K, used 432817K [0x00000000e0000000, 0x00000000ff380000, 0x0000000100000000)
  eden space 438784K, 92% used [0x00000000e0000000,0x00000000f8db0048,0x00000000fac80000)
  from space 25600K, 99% used [0x00000000fc200000,0x00000000fdafc7b0,0x00000000fdb00000)
  to   space 25088K, 0% used [0x00000000fdb00000,0x00000000fdb00000,0x00000000ff380000)
 ParOldGen       total 175104K, used 53500K [0x00000000a0000000, 0x00000000aab00000, 0x00000000e0000000)
  object space 175104K, 30% used [0x00000000a0000000,0x00000000a343f3d0,0x00000000aab00000)
 Metaspace       used 94237K, capacity 98460K, committed 98600K, reserved 1134592K
  class space    used 12281K, capacity 13135K, committed 13232K, reserved 1048576K
Event: 706.050 GC heap after
Heap after GC invocations=15 (full 3):
 PSYoungGen      total 447488K, used 25069K [0x00000000e0000000, 0x00000000ff380000, 0x0000000100000000)
  eden space 422400K, 0% used [0x00000000e0000000,0x00000000e0000000,0x00000000f9c80000)
  from space 25088K, 99% used [0x00000000fdb00000,0x00000000ff37b530,0x00000000ff380000)
  to   space 43520K, 0% used [0x00000000f9e80000,0x00000000f9e80000,0x00000000fc900000)
 ParOldGen       total 175104K, used 70620K [0x00000000a0000000, 0x00000000aab00000, 0x00000000e0000000)
  object space 175104K, 40% used [0x00000000a0000000,0x00000000a44f73d8,0x00000000aab00000)
 Metaspace       used 94237K, capacity 98460K, committed 98600K, reserved 1134592K
  class space    used 12281K, capacity 13135K, committed 13232K, reserved 1048576K
}
Event: 706.050 GC heap before
{Heap before GC invocations=16 (full 4):
 PSYoungGen      total 447488K, used 25069K [0x00000000e0000000, 0x00000000ff380000, 0x0000000100000000)
  eden space 422400K, 0% used [0x00000000e0000000,0x00000000e0000000,0x00000000f9c80000)
  from space 25088K, 99% used [0x00000000fdb00000,0x00000000ff37b530,0x00000000ff380000)
  to   space 43520K, 0% used [0x00000000f9e80000,0x00000000f9e80000,0x00000000fc900000)
 ParOldGen       total 175104K, used 70620K [0x00000000a0000000, 0x00000000aab00000, 0x00000000e0000000)
  object space 175104K, 40% used [0x00000000a0000000,0x00000000a44f73d8,0x00000000aab00000)
 Metaspace       used 94237K, capacity 98460K, committed 98600K, reserved 1134592K
  class space    used 12281K, capacity 13135K, committed 13232K, reserved 1048576K
Event: 706.288 GC heap after
Heap after GC invocations=16 (full 4):
 PSYoungGen      total 447488K, used 0K [0x00000000e0000000, 0x00000000ff380000, 0x0000000100000000)
  eden space 422400K, 0% used [0x00000000e0000000,0x00000000e0000000,0x00000000f9c80000)
  from space 25088K, 0% used [0x00000000fdb00000,0x00000000fdb00000,0x00000000ff380000)
  to   space 43520K, 0% used [0x00000000f9e80000,0x00000000f9e80000,0x00000000fc900000)
 ParOldGen       total 275456K, used 75940K [0x00000000a0000000, 0x00000000b0d00000, 0x00000000e0000000)
  object space 275456K, 27% used [0x00000000a0000000,0x00000000a4a29280,0x00000000b0d00000)
 Metaspace       used 93749K, capacity 97462K, committed 98600K, reserved 1134592K
  class space    used 12151K, capacity 12920K, committed 13232K, reserved 1048576K
}
Event: 909.857 GC heap before
{Heap before GC invocations=17 (full 4):
 PSYoungGen      total 447488K, used 422400K [0x00000000e0000000, 0x00000000ff380000, 0x0000000100000000)
  eden space 422400K, 100% used [0x00000000e0000000,0x00000000f9c80000,0x00000000f9c80000)
  from space 25088K, 0% used [0x00000000fdb00000,0x00000000fdb00000,0x00000000ff380000)
  to   space 43520K, 0% used [0x00000000f9e80000,0x00000000f9e80000,0x00000000fc900000)
 ParOldGen       total 275456K, used 75940K [0x00000000a0000000, 0x00000000b0d00000, 0x00000000e0000000)
  object space 275456K, 27% used [0x00000000a0000000,0x00000000a4a29280,0x00000000b0d00000)
 Metaspace       used 103512K, capacity 108256K, committed 108696K, reserved 1144832K
  class space    used 13167K, capacity 14099K, committed 14256K, reserved 1048576K
Event: 909.895 GC heap after
Heap after GC invocations=17 (full 4):
 PSYoungGen      total 467968K, used 36139K [0x00000000e0000000, 0x0000000100000000, 0x0000000100000000)
  eden space 424448K, 0% used [0x00000000e0000000,0x00000000e0000000,0x00000000f9e80000)
  from space 43520K, 83% used [0x00000000f9e80000,0x00000000fc1cae38,0x00000000fc900000)
  to   space 47616K, 0% used [0x00000000fd180000,0x00000000fd180000,0x0000000100000000)
 ParOldGen       total 275456K, used 75948K [0x00000000a0000000, 0x00000000b0d00000, 0x00000000e0000000)
  object space 275456K, 27% used [0x00000000a0000000,0x00000000a4a2b280,0x00000000b0d00000)
 Metaspace       used 103512K, capacity 108256K, committed 108696K, reserved 1144832K
  class space    used 13167K, capacity 14099K, committed 14256K, reserved 1048576K
}
Event: 997.942 GC heap before
{Heap before GC invocations=18 (full 4):
 PSYoungGen      total 467968K, used 460587K [0x00000000e0000000, 0x0000000100000000, 0x0000000100000000)
  eden space 424448K, 100% used [0x00000000e0000000,0x00000000f9e80000,0x00000000f9e80000)
  from space 43520K, 83% used [0x00000000f9e80000,0x00000000fc1cae38,0x00000000fc900000)
  to   space 47616K, 0% used [0x00000000fd180000,0x00000000fd180000,0x0000000100000000)
 ParOldGen       total 275456K, used 75948K [0x00000000a0000000, 0x00000000b0d00000, 0x00000000e0000000)
  object space 275456K, 27% used [0x00000000a0000000,0x00000000a4a2b280,0x00000000b0d00000)
 Metaspace       used 130314K, capacity 136456K, committed 136600K, reserved 1167360K
  class space    used 16812K, capacity 18036K, committed 18096K, reserved 1048576K
Event: 998.008 GC heap after
Heap after GC invocations=18 (full 4):
 PSYoungGen      total 458240K, used 47603K [0x00000000e0000000, 0x0000000100000000, 0x0000000100000000)
  eden space 410624K, 0% used [0x00000000e0000000,0x00000000e0000000,0x00000000f9100000)
  from space 47616K, 99% used [0x00000000fd180000,0x00000000ffffcf88,0x0000000100000000)
  to   space 56832K, 0% used [0x00000000f9100000,0x00000000f9100000,0x00000000fc880000)
 ParOldGen       total 275456K, used 82268K [0x00000000a0000000, 0x00000000b0d00000, 0x00000000e0000000)
  object space 275456K, 29% used [0x00000000a0000000,0x00000000a5057338,0x00000000b0d00000)
 Metaspace       used 130314K, capacity 136456K, committed 136600K, reserved 1167360K
  class space    used 16812K, capacity 18036K, committed 18096K, reserved 1048576K
}
Event: 1116.220 GC heap before
{Heap before GC invocations=19 (full 4):
 PSYoungGen      total 458240K, used 458227K [0x00000000e0000000, 0x0000000100000000, 0x0000000100000000)
  eden space 410624K, 100% used [0x00000000e0000000,0x00000000f9100000,0x00000000f9100000)
  from space 47616K, 99% used [0x00000000fd180000,0x00000000ffffcf88,0x0000000100000000)
  to   space 56832K, 0% used [0x00000000f9100000,0x00000000f9100000,0x00000000fc880000)
 ParOldGen       total 275456K, used 82268K [0x00000000a0000000, 0x00000000b0d00000, 0x00000000e0000000)
  object space 275456K, 29% used [0x00000000a0000000,0x00000000a5057338,0x00000000b0d00000)
 Metaspace       used 140541K, capacity 146976K, committed 147096K, reserved 1177600K
  class space    used 17833K, capacity 19084K, committed 19120K, reserved 1048576K
Event: 1116.272 GC heap after
Heap after GC invocations=19 (full 4):
 PSYoungGen      total 453632K, used 42703K [0x00000000e0000000, 0x0000000100000000, 0x0000000100000000)
  eden space 410624K, 0% used [0x00000000e0000000,0x00000000e0000000,0x00000000f9100000)
  from space 43008K, 99% used [0x00000000f9100000,0x00000000fbab3e48,0x00000000fbb00000)
  to   space 60416K, 0% used [0x00000000fc500000,0x00000000fc500000,0x0000000100000000)
 ParOldGen       total 275456K, used 82276K [0x00000000a0000000, 0x00000000b0d00000, 0x00000000e0000000)
  object space 275456K, 29% used [0x00000000a0000000,0x00000000a5059338,0x00000000b0d00000)
 Metaspace       used 140541K, capacity 146976K, committed 147096K, reserved 1177600K
  class space    used 17833K, capacity 19084K, committed 19120K, reserved 1048576K
}

